
> frontend@0.0.0 dev
> vite


  [32m[1mVITE[22m v7.0.0[39m  [2mready in [0m[1m488[22m[2m[0m ms[22m

  [32mâžœ[39m  [1mLocal[22m:   [36mhttp://localhost:[1m5173[22m/[39m
[2m  [32mâžœ[39m  [1mNetwork[22m[2m: use [22m[1m--host[22m[2m to expose[22m
[2m[32m  âžœ[39m[22m[2m  press [22m[1mh + enter[22m[2m to show help[22m
¨Desea terminar el trabajo por lotes (S/N)? 
> frontend@0.0.0 dev
> vite


  [32m[1mVITE[22m v7.0.0[39m  [2mready in [0m[1m325[22m[2m[0m ms[22m

  [32mâžœ[39m  [1mLocal[22m:   [36mhttp://localhost:[1m5173[22m/[39m
[2m  [32mâžœ[39m  [1mNetwork[22m[2m: use [22m[1m--host[22m[2m to expose[22m
[2m[32m  âžœ[39m[22m[2m  press [22m[1mh + enter[22m[2m to show help[22m
¨Desea terminar el trabajo por lotes (S/N)? 
^C
> frontend@0.0.0 dev
> vite --host 0.0.0.0


  [32m[1mVITE[22m v7.0.0[39m  [2mready in [0m[1m276[22m[2m[0m ms[22m

  [32mâžœ[39m  [1mLocal[22m:   [36mhttp://localhost:[1m5173[22m/[39m
  [32mâžœ[39m  [1mNetwork[22m: [36mhttp://192.168.0.122:[1m5173[22m/[39m
[2m[32m  âžœ[39m[22m[2m  press [22m[1mh + enter[22m[2m to show help[22m
¨Desea terminar el trabajo por lotes (S/N)? 